<?xml version="1.0" encoding="UTF-8"?>
<!-- Generated by org.testng.reporters.JUnitReportReporter -->
<testsuite hostname="Jagadeeshs-MacBook-Pro.local" failures="0" tests="1" name="SampleTest" time="3.291" errors="0" timestamp="2022-07-12T17:11:38 IST" skipped="0">
  <testcase classname="SampleTest" name="test" time="3.291"/>
  <system-out/>
</testsuite> <!-- SampleTest -->
